TN:
SF:src\modules\students\services\CreateStudentService.ts
FN:15,(anonymous_18)
FN:16,CreateStudentService
FN:24,(anonymous_20)
FNF:3
FNH:3
FNDA:1,(anonymous_18)
FNDA:2,CreateStudentService
FNDA:3,(anonymous_20)
DA:1,1
DA:3,1
DA:15,1
DA:18,2
DA:21,2
DA:24,3
DA:25,3
DA:27,3
DA:29,3
DA:30,1
DA:33,2
DA:39,2
DA:41,1
LF:13
LH:13
BRDA:29,0,0,1
BRDA:29,0,1,2
BRF:2
BRH:2
end_of_record
TN:
SF:src\modules\students\services\ListStudentsService.ts
FN:7,(anonymous_17)
FN:8,ListStudentsService
FN:13,(anonymous_19)
FNF:3
FNH:3
FNDA:1,(anonymous_17)
FNDA:1,ListStudentsService
FNDA:1,(anonymous_19)
DA:1,1
DA:7,1
DA:10,1
DA:13,1
DA:14,1
DA:16,1
DA:18,1
LF:7
LH:7
BRDA:14,0,0,1
BRF:1
BRH:1
end_of_record
TN:
SF:src\modules\students\services\RemoveStudentService.ts
FN:12,(anonymous_18)
FN:13,RemoveStudentService
FN:18,(anonymous_20)
FNF:3
FNH:3
FNDA:1,(anonymous_18)
FNDA:2,RemoveStudentService
FNDA:2,(anonymous_20)
DA:1,1
DA:3,1
DA:12,1
DA:15,2
DA:18,2
DA:19,2
DA:21,2
DA:22,1
DA:25,2
DA:27,1
LF:10
LH:10
BRDA:19,0,0,2
BRDA:21,1,0,1
BRDA:21,1,1,1
BRF:3
BRH:3
end_of_record
TN:
SF:src\modules\students\services\ShowStudentService.ts
FN:13,(anonymous_18)
FN:14,ShowStudentService
FN:19,(anonymous_20)
FNF:3
FNH:3
FNDA:1,(anonymous_18)
FNDA:2,ShowStudentService
FNDA:2,(anonymous_20)
DA:1,1
DA:3,1
DA:13,1
DA:16,2
DA:19,2
DA:20,2
DA:22,2
DA:23,1
DA:26,1
DA:28,1
LF:10
LH:10
BRDA:20,0,0,2
BRDA:22,1,0,1
BRDA:22,1,1,1
BRF:3
BRH:3
end_of_record
TN:
SF:src\modules\students\services\UpdateStudentService.ts
FN:16,(anonymous_18)
FN:17,CreateStudentService
FN:22,(anonymous_20)
FNF:3
FNH:3
FNDA:1,(anonymous_18)
FNDA:2,CreateStudentService
FNDA:2,(anonymous_20)
DA:1,1
DA:3,1
DA:16,1
DA:19,2
DA:22,1
DA:23,2
DA:24,2
DA:25,2
DA:26,2
DA:28,2
DA:30,2
DA:31,1
DA:34,1
DA:35,1
DA:36,1
DA:38,1
DA:40,1
DA:42,1
LF:18
LH:18
BRDA:28,0,0,2
BRDA:30,1,0,1
BRDA:30,1,1,1
BRDA:34,2,0,1
BRDA:34,2,1,0
BRDA:35,3,0,1
BRDA:35,3,1,0
BRDA:36,4,0,1
BRDA:36,4,1,1
BRF:9
BRH:7
end_of_record
TN:
SF:src\modules\users\services\AuthenticateUserService.ts
FN:23,(anonymous_18)
FN:24,AuthenticateUserService
FN:32,(anonymous_20)
FNF:3
FNH:3
FNDA:1,(anonymous_18)
FNDA:3,AuthenticateUserService
FNDA:3,(anonymous_20)
DA:1,1
DA:2,1
DA:4,1
DA:6,1
DA:23,1
DA:26,3
DA:29,3
DA:32,1
DA:33,3
DA:34,3
DA:36,3
DA:38,3
DA:39,1
DA:42,2
DA:47,2
DA:48,1
DA:51,1
DA:52,1
DA:54,1
DA:59,1
LF:20
LH:20
BRDA:36,0,0,3
BRDA:38,1,0,1
BRDA:38,1,1,2
BRDA:47,2,0,1
BRDA:47,2,1,1
BRF:5
BRH:5
end_of_record
TN:
SF:src\modules\users\services\CreateUserService.ts
FN:19,(anonymous_18)
FN:20,CreateUserService
FN:28,(anonymous_20)
FNF:3
FNH:3
FNDA:1,(anonymous_18)
FNDA:2,CreateUserService
FNDA:3,(anonymous_20)
DA:1,1
DA:3,1
DA:19,1
DA:22,2
DA:25,2
DA:28,1
DA:29,3
DA:30,3
DA:31,3
DA:32,3
DA:33,3
DA:35,3
DA:37,3
DA:38,1
DA:41,2
DA:43,2
DA:51,2
DA:53,1
LF:18
LH:18
BRDA:35,0,0,3
BRDA:37,1,0,1
BRDA:37,1,1,2
BRF:3
BRH:3
end_of_record
TN:
SF:src\modules\users\services\ListUsersService.ts
FN:7,(anonymous_17)
FN:8,ListUsersService
FN:13,(anonymous_19)
FNF:3
FNH:3
FNDA:1,(anonymous_17)
FNDA:1,ListUsersService
FNDA:1,(anonymous_19)
DA:1,1
DA:7,1
DA:10,1
DA:13,1
DA:14,1
DA:16,1
DA:18,1
LF:7
LH:7
BRDA:14,0,0,1
BRF:1
BRH:1
end_of_record
TN:
SF:src\modules\users\services\RemoveUserService.ts
FN:7,(anonymous_18)
FN:8,RemoveUserService
FN:13,(anonymous_20)
FNF:3
FNH:3
FNDA:1,(anonymous_18)
FNDA:2,RemoveUserService
FNDA:3,(anonymous_20)
DA:1,1
DA:3,1
DA:7,1
DA:10,2
DA:13,1
DA:14,3
DA:16,3
DA:17,1
DA:20,4
DA:22,1
LF:10
LH:10
BRDA:14,0,0,3
BRDA:16,1,0,1
BRDA:16,1,1,2
BRF:3
BRH:3
end_of_record
TN:
SF:src\modules\users\services\ShowUserService.ts
FN:13,(anonymous_18)
FN:14,ShowUserService
FN:19,(anonymous_20)
FNF:3
FNH:3
FNDA:1,(anonymous_18)
FNDA:2,ShowUserService
FNDA:2,(anonymous_20)
DA:1,1
DA:6,1
DA:13,1
DA:16,2
DA:19,2
DA:20,2
DA:22,2
DA:23,1
DA:26,1
DA:28,1
LF:10
LH:10
BRDA:20,0,0,2
BRDA:22,1,0,1
BRDA:22,1,1,1
BRF:3
BRH:3
end_of_record
TN:
SF:src\modules\users\services\UpdateAvatarService.ts
FN:16,(anonymous_18)
FN:17,UpdateAvatarService
FN:25,(anonymous_20)
FNF:3
FNH:3
FNDA:1,(anonymous_18)
FNDA:3,UpdateAvatarService
FNDA:4,(anonymous_20)
DA:1,1
DA:3,1
DA:16,1
DA:19,3
DA:22,3
DA:25,4
DA:26,4
DA:28,4
DA:29,1
DA:32,3
DA:33,1
DA:36,3
DA:37,3
DA:39,6
DA:41,3
DA:43,1
LF:16
LH:16
BRDA:26,0,0,4
BRDA:28,1,0,1
BRDA:28,1,1,3
BRDA:32,2,0,1
BRDA:32,2,1,2
BRF:5
BRH:5
end_of_record
TN:
SF:src\modules\users\services\UpdateUserService.ts
FN:22,(anonymous_20)
FN:23,UpdateUserService
FN:31,(anonymous_22)
FNF:3
FNH:3
FNDA:1,(anonymous_20)
FNDA:3,UpdateUserService
FNDA:3,(anonymous_22)
DA:1,1
DA:3,1
DA:22,1
DA:25,3
DA:28,3
DA:31,3
DA:32,3
DA:34,3
DA:35,1
DA:38,3
DA:39,1
DA:43,1
DA:46,2
DA:51,2
DA:53,2
DA:55,1
LF:16
LH:16
BRDA:32,0,0,3
BRDA:34,1,0,1
BRDA:34,1,1,2
BRDA:38,2,0,1
BRDA:38,2,1,1
BRF:5
BRH:5
end_of_record
