TN:
SF:src\modules\users\services\AuthenticateUserService.ts
FN:23,(anonymous_18)
FN:24,AuthenticateUserService
FN:32,(anonymous_20)
FNF:3
FNH:3
FNDA:1,(anonymous_18)
FNDA:3,AuthenticateUserService
FNDA:3,(anonymous_20)
DA:1,1
DA:2,1
DA:4,1
DA:6,1
DA:23,1
DA:26,3
DA:29,3
DA:32,1
DA:33,3
DA:34,3
DA:36,3
DA:38,3
DA:39,1
DA:42,2
DA:47,2
DA:48,1
DA:51,1
DA:52,1
DA:54,1
DA:59,1
LF:20
LH:20
BRDA:36,0,0,3
BRDA:38,1,0,1
BRDA:38,1,1,2
BRDA:47,2,0,1
BRDA:47,2,1,1
BRF:5
BRH:5
end_of_record
TN:
SF:src\modules\users\services\CreateUserService.ts
FN:19,(anonymous_18)
FN:20,CreateUserService
FN:28,(anonymous_20)
FNF:3
FNH:3
FNDA:1,(anonymous_18)
FNDA:2,CreateUserService
FNDA:3,(anonymous_20)
DA:1,1
DA:3,1
DA:19,1
DA:22,2
DA:25,2
DA:28,1
DA:29,3
DA:30,3
DA:31,3
DA:32,3
DA:33,3
DA:35,3
DA:37,3
DA:38,1
DA:41,2
DA:43,2
DA:51,2
DA:53,1
LF:18
LH:18
BRDA:35,0,0,3
BRDA:37,1,0,1
BRDA:37,1,1,2
BRF:3
BRH:3
end_of_record
TN:
SF:src\modules\users\services\RemoveUserService.ts
FN:7,(anonymous_18)
FN:8,RemoveUserService
FN:13,(anonymous_20)
FNF:3
FNH:3
FNDA:1,(anonymous_18)
FNDA:2,RemoveUserService
FNDA:3,(anonymous_20)
DA:1,1
DA:3,1
DA:7,1
DA:10,2
DA:13,1
DA:14,3
DA:16,3
DA:17,1
DA:20,4
DA:22,1
LF:10
LH:10
BRDA:14,0,0,3
BRDA:16,1,0,1
BRDA:16,1,1,2
BRF:3
BRH:3
end_of_record
TN:
SF:src\modules\users\services\UpdateAvatarService.ts
FN:16,(anonymous_18)
FN:17,UpdateAvatarService
FN:25,(anonymous_20)
FNF:3
FNH:3
FNDA:1,(anonymous_18)
FNDA:3,UpdateAvatarService
FNDA:4,(anonymous_20)
DA:1,1
DA:3,1
DA:16,1
DA:19,3
DA:22,3
DA:25,4
DA:26,4
DA:28,4
DA:29,1
DA:32,3
DA:33,1
DA:36,3
DA:37,3
DA:39,6
DA:41,3
DA:43,1
LF:16
LH:16
BRDA:26,0,0,4
BRDA:28,1,0,1
BRDA:28,1,1,3
BRDA:32,2,0,1
BRDA:32,2,1,2
BRF:5
BRH:5
end_of_record
TN:
SF:src\modules\users\services\UpdateUserService.ts
FN:22,(anonymous_20)
FN:23,UpdateUserService
FN:31,(anonymous_22)
FNF:3
FNH:3
FNDA:1,(anonymous_20)
FNDA:3,UpdateUserService
FNDA:3,(anonymous_22)
DA:1,1
DA:3,1
DA:22,1
DA:25,3
DA:28,3
DA:31,3
DA:32,3
DA:34,3
DA:35,1
DA:38,3
DA:39,1
DA:43,1
DA:46,2
DA:51,2
DA:53,2
DA:55,1
LF:16
LH:16
BRDA:32,0,0,3
BRDA:34,1,0,1
BRDA:34,1,1,2
BRDA:38,2,0,1
BRDA:38,2,1,1
BRF:5
BRH:5
end_of_record
